<?xml version="1.0" encoding="UTF-8"?>
<!-- Generated by org.testng.reporters.JUnitReportReporter -->
<testsuite hostname="DESKTOP-HF4K2TR" failures="0" tests="1" name="testpkg.Amazon_test" time="53.456" errors="0" timestamp="2024-02-22T11:53:43 IST" skipped="0">
  <testcase classname="testpkg.Amazon_test" name="test" time="53.456"/>
  <system-out/>
</testsuite> <!-- testpkg.Amazon_test -->
